app/build/intermediates/manifest_merge_blame_file/debug/manifest-merger-blame-debug-report.txt
1<?xml version="1.0" encoding="utf-8"?>
2<manifest xmlns:android="http://schemas.android.com/apk/res/android"
3    package="com.example.sahyadri_events"
4    android:versionCode="1"
5    android:versionName="1.0" >
6
7    <uses-sdk
8        android:minSdkVersion="16"
8-->src\main\AndroidManifest.xml
9        android:targetSdkVersion="30" />
9-->src\main\AndroidManifest.xml
10
11    <uses-permission android:name="android.permission.READ_EXTERNAL_STORAGE" />
11-->src\main\AndroidManifest.xml:4:1-75
11-->src\main\AndroidManifest.xml:4:18-73
12
13    <application
13-->src\main\AndroidManifest.xml:5:5-31:19
14        android:allowBackup="true"
14-->src\main\AndroidManifest.xml:6:9-35
15        android:appComponentFactory="androidx.core.app.CoreComponentFactory"
15-->[androidx.core:core:1.5.0] AndroidManifest.xml:24:18-86
16        android:debuggable="true"
17        android:icon="@mipmap/ic_launcher"
17-->src\main\AndroidManifest.xml:7:9-43
18        android:label="@string/app_name"
18-->src\main\AndroidManifest.xml:8:9-41
19        android:roundIcon="@mipmap/ic_launcher_round"
19-->src\main\AndroidManifest.xml:9:9-54
20        android:supportsRtl="true"
20-->src\main\AndroidManifest.xml:10:9-35
21        android:testOnly="true"
22        android:theme="@style/Theme.Sahyadri_events" >
22-->src\main\AndroidManifest.xml:11:9-53
23        <activity android:name="com.example.sahyadri_events.AdminSearchEvent" />
23-->src\main\AndroidManifest.xml:12:9-63
23-->src\main\AndroidManifest.xml:12:19-51
24        <activity android:name="com.example.sahyadri_events.ssss" />
24-->src\main\AndroidManifest.xml:13:9-42
24-->src\main\AndroidManifest.xml:13:19-39
25        <activity android:name="com.example.sahyadri_events.StudentLandingPage" />
25-->src\main\AndroidManifest.xml:14:9-56
25-->src\main\AndroidManifest.xml:14:19-53
26        <activity android:name="com.example.sahyadri_events.StudentLoginPage" />
26-->src\main\AndroidManifest.xml:15:9-54
26-->src\main\AndroidManifest.xml:15:19-51
27        <activity android:name="com.example.sahyadri_events.StudentProfile" />
27-->src\main\AndroidManifest.xml:16:9-52
27-->src\main\AndroidManifest.xml:16:19-49
28        <activity
28-->src\main\AndroidManifest.xml:17:9-100
29            android:name="com.example.sahyadri_events.Admin_Registrations"
29-->src\main\AndroidManifest.xml:17:19-54
30            android:windowSoftInputMode="adjustNothing" />
30-->src\main\AndroidManifest.xml:17:55-98
31        <activity android:name="com.example.sahyadri_events.Student_Registrations" />
31-->src\main\AndroidManifest.xml:18:9-59
31-->src\main\AndroidManifest.xml:18:19-56
32        <activity android:name="com.example.sahyadri_events.StudentRegisterEvent" />
32-->src\main\AndroidManifest.xml:19:9-58
32-->src\main\AndroidManifest.xml:19:19-55
33        <activity android:name="com.example.sahyadri_events.Admin_Add_event" />
33-->src\main\AndroidManifest.xml:20:9-53
33-->src\main\AndroidManifest.xml:20:19-50
34        <activity android:name="com.example.sahyadri_events.AdminHomePage" />
34-->src\main\AndroidManifest.xml:21:9-51
34-->src\main\AndroidManifest.xml:21:19-48
35        <activity android:name="com.example.sahyadri_events.StudentRegister" />
35-->src\main\AndroidManifest.xml:22:9-53
35-->src\main\AndroidManifest.xml:22:19-50
36        <activity android:name="com.example.sahyadri_events.AdminLogin" />
36-->src\main\AndroidManifest.xml:23:9-48
36-->src\main\AndroidManifest.xml:23:19-45
37        <activity android:name="com.example.sahyadri_events.MainActivity" >
37-->src\main\AndroidManifest.xml:24:9-30:20
37-->src\main\AndroidManifest.xml:24:19-47
38            <intent-filter>
38-->src\main\AndroidManifest.xml:25:13-29:29
39                <action android:name="android.intent.action.MAIN" />
39-->src\main\AndroidManifest.xml:26:17-69
39-->src\main\AndroidManifest.xml:26:25-66
40
41                <category android:name="android.intent.category.LAUNCHER" />
41-->src\main\AndroidManifest.xml:28:17-77
41-->src\main\AndroidManifest.xml:28:27-74
42            </intent-filter>
43        </activity>
44    </application>
45
46</manifest>